MPASM  5.51                        BASICO.ASM   8-2-2018  20:04:15         PAGE  1


LOC  OBJECT CODE     LINE SOURCE TEXT
  VALUE

                      00001 ;------------------------------------------------------------------------------
                      00002 ;   CABEÇALHO PROGRAMA ASSEMBLY
                      00003 ;------------------------------------------------------------------------------
                      00004 ;   AUTOR:
                      00005 ;   DATA:
                      00006 ;   CONTROLE DE REVISÕES:
                      00007 ;------------------------------------------------------------------------------
                      00008 #INCLUDE <P16F877A.INC>
                      00001         LIST
                      00002 
                      00003 ;==========================================================================
                      00004 ;  MPASM PIC16F877A processor include
                      00005 ; 
                      00006 ;  (c) Copyright 1999-2013 Microchip Technology, All rights reserved
                      00007 ;==========================================================================
                      00008 
                      00566         LIST
                      00009 ;------------------------------------------------------------------------------
                      00010 ;   BITS DE CONFIGURAÇÃO
                      00011 ;------------------------------------------------------------------------------
                      00012 ;   CONFIG
                      00013 ; __config 0xFF79
2007   3F72           00014  __CONFIG _FOSC_HS & _WDTE_OFF & _PWRTE_ON & _BOREN_ON & _LVP_OFF & _CPD_OFF & _WRT_OFF & _CP_OFF
                      00015 ; FOSC  - Seleção tipo oscilador.
                      00016 ; WDTE  - Watchdog timer.
                      00017 ; PWRTE - Power on timer (72ms após energização).
                      00018 ; BOREN - Brown-out enable, proteção contra baixa tensão.
                      00019 ; LVP   - Low voltage programming.
                      00020 ; CPD   - Code protect da EEPROM.
                      00021 ; WRT   - Write protection da memória flash.
                      00022 ; CP    - Code protect memória de programa.
Warning[205]: Found directive in column 1. (__IDLOCS)
2000   0001 0002 0003 00023 __IDLOCS H'1234'
       0004 
                      00024 ;------------------------------------------------------------------------------
                      00025 ;   PAGINAÇÃO DE MEMÓRIA (MACROS)
                      00026 ;------------------------------------------------------------------------------
                      00027 BANK0   MACRO
                      00028             BCF     STATUS,RP0
                      00029             BCF     STATUS,RP1
                      00030         ENDM
                      00031 
                      00032 BANK1   MACRO
                      00033             BSF     STATUS,RP0
                      00034             BCF     STATUS,RP1
                      00035         ENDM
                      00036 
                      00037 BANK2   MACRO
                      00038             BCF     STATUS,RP0
                      00039             BSF     STATUS,RP1
                      00040         ENDM
                      00041 
                      00042 BANK3   MACRO
MPASM  5.51                        BASICO.ASM   8-2-2018  20:04:15         PAGE  2


LOC  OBJECT CODE     LINE SOURCE TEXT
  VALUE

                      00043             BSF     STATUS,RP0
                      00044             BSF     STATUS,RP1
                      00045         ENDM
                      00046 ;ESCRITA EEPROM
Warning[205]: Found directive in column 1. (ORG)
                      00047 ORG H'2100'
Warning[205]: Found directive in column 1. (DE)
2100   0001 0001 0001 00048 DE  .1,.1,.1,.1,.1,.3,.6,.7,.8,.9,.11
       0001 0001 0003 
       0006 0007 0008 
       0009 000B 
                      00049 ;------------------------------------------------------------------------------
                      00050 ;   VARIÁVEIS
                      00051 ;------------------------------------------------------------------------------
                      00052     CBLOCK 0X20
  00000020            00053                 TEMPO1  
  00000021            00054                 TEMPO2
  00000022            00055                 X
                      00056     ENDC
                      00057 ;   OUTRA FORMA DE ALOCAR VARIÁVEIS NA MEMÓRIA
Warning[207]: Found label after column 1. (DEBOUNCE_BT1)
210B   3FFF           00058         DEBOUNCE_BT1      RES   1
Warning[207]: Found label after column 1. (COUNT)
  00000024            00059         COUNT             EQU     0X24
Warning[207]: Found label after column 1. (FLAGS)
  00000025            00060         FLAGS             EQU     0X25
                      00061 ;------------------------------------------------------------------------------
                      00062 ;   CONSTANTES
                      00063 ;------------------------------------------------------------------------------
                      00064 ;   CONSTANTES UTILIZADAS PELO SISTEMA
Warning[207]: Found label after column 1. (CONSTANTE_1)
  00000083            00065         CONSTANTE_1   EQU .131
                      00066 ;------------------------------------------------------------------------------
                      00067 ;   ENTRADAS
                      00068 ;------------------------------------------------------------------------------
                      00069 ;   PINOS QUE SERÃO UTILIZADOS COMO ENTRADA
                      00070 #DEFINE BOTAO1  PORTB,2
                      00071 ;------------------------------------------------------------------------------
                      00072 ;   SAÍDA
                      00073 ;------------------------------------------------------------------------------
                      00074 ;   PINOS QUE SERÃO UTILIZADOS COMO SAÍDA
                      00075 #DEFINE LED1    PORTB,0
                      00076 #DEFINE BOTAO   PORTB,7
                      00077 ;------------------------------------------------------------------------------
                      00078 ;   VETOR DE RESET
                      00079 ;------------------------------------------------------------------------------
                      00080     ORG 0x00    ;ENDEREÇO INICIAL DE PROCESSAMENTO
0000   2???           00081     GOTO INICIO
                      00082 ;------------------------------------------------------------------------------
                      00083 ;   INTERRUPÇÃO
                      00084 ;------------------------------------------------------------------------------
                      00085 ; AS INTERRUPÇÕES NÃO SERÃO UTILIZADAS
                      00086     ORG 0X04    ;ENDEREÇO INICIAL DA INTERRUPÇÃO
MPASM  5.51                        BASICO.ASM   8-2-2018  20:04:15         PAGE  3


LOC  OBJECT CODE     LINE SOURCE TEXT
  VALUE

0004   0009           00087         RETFIE
                      00088 ;-----------------------------------------------------------------------------
                      00089 ; INÍCIO
                      00090 ;-----------------------------------------------------------------------------
Warning[207]: Found label after column 1. (INICIO)
0005                  00091    INICIO
                      00092    BANK1
0005   1683               M             BSF     STATUS,RP0
0006   1303               M             BCF     STATUS,RP1
0007   3084           00093    MOVLW   B'10000100'
Message[302]: Register in operand not in bank 0.  Ensure that bank bits are correct.
0008   0086           00094    MOVWF   TRISB
                      00095    BANK0
0009   1283               M             BCF     STATUS,RP0
000A   1303               M             BCF     STATUS,RP1
                      00096 ;-----------------------------------------------------------------------------
                      00097 ; INICIALIZAÇÃO DE VARIÁVEIS
                      00098 ;-----------------------------------------------------------------------------
000B   0186           00099     CLRF    PORTB
                      00100 ;------------------------------------------------------------------------------
                      00101 ; ROTINA PRINCIPAL
                      00102 ;------------------------------------------------------------------------------
000C                  00103 MAIN
                      00104 
Warning[203]: Found opcode in column 1. (GOTO)
000C   2???           00105 GOTO    MAIN
                      00106 ;---------------------------------
                      00107 
Warning[205]: Found directive in column 1. (END)
3F72                  00108 END
MPASM  5.51                        BASICO.ASM   8-2-2018  20:04:15         PAGE  4


SYMBOL TABLE
  LABEL                             VALUE 

ACKDT                             00000005
ACKEN                             00000004
ACKSTAT                           00000006
ADCON0                            0000001F
ADCON1                            0000009F
ADCS0                             00000006
ADCS1                             00000007
ADCS2                             00000006
ADDEN                             00000003
ADFM                              00000007
ADIE                              00000006
ADIF                              00000006
ADON                              00000000
ADRESH                            0000001E
ADRESL                            0000009E
BANK0                             
BANK1                             
BANK2                             
BANK3                             
BCLIE                             00000003
BCLIF                             00000003
BF                                00000000
BOTAO                             PORTB,7
BOTAO1                            PORTB,2
BRGH                              00000002
C                                 00000000
C1INV                             00000004
C1OUT                             00000006
C2INV                             00000005
C2OUT                             00000007
CCP1CON                           00000017
CCP1IE                            00000002
CCP1IF                            00000002
CCP1M0                            00000000
CCP1M1                            00000001
CCP1M2                            00000002
CCP1M3                            00000003
CCP1X                             00000005
CCP1Y                             00000004
CCP2CON                           0000001D
CCP2IE                            00000000
CCP2IF                            00000000
CCP2M0                            00000000
CCP2M1                            00000001
CCP2M2                            00000002
CCP2M3                            00000003
CCP2X                             00000005
CCP2Y                             00000004
CCPR1                             00000015
CCPR1H                            00000016
CCPR1L                            00000015
CCPR2                             0000001B
CCPR2H                            0000001C
MPASM  5.51                        BASICO.ASM   8-2-2018  20:04:15         PAGE  5


SYMBOL TABLE
  LABEL                             VALUE 

CCPR2L                            0000001B
CHS0                              00000003
CHS1                              00000004
CHS2                              00000005
CIS                               00000003
CKE                               00000006
CKP                               00000004
CM0                               00000000
CM1                               00000001
CM2                               00000002
CMCON                             0000009C
CMIE                              00000006
CMIF                              00000006
CONSTANTE_1                       00000083
COUNT                             00000024
CREN                              00000004
CSRC                              00000007
CVR0                              00000000
CVR1                              00000001
CVR2                              00000002
CVR3                              00000003
CVRCON                            0000009D
CVREN                             00000007
CVROE                             00000006
CVRR                              00000005
D                                 00000005
DATA_ADDRESS                      00000005
DC                                00000001
DEBOUNCE_BT1                      0000210B
D_A                               00000005
D_NOT_A                           00000005
EEADR                             0000010D
EEADRH                            0000010F
EECON1                            0000018C
EECON2                            0000018D
EEDATA                            0000010C
EEDATH                            0000010E
EEIE                              00000004
EEIF                              00000004
EEPGD                             00000007
F                                 00000001
FERR                              00000002
FLAGS                             00000025
FSR                               00000004
GCEN                              00000007
GIE                               00000007
GO                                00000002
GO_DONE                           00000002
GO_NOT_DONE                       00000002
I2C_DATA                          00000005
I2C_READ                          00000002
I2C_START                         00000003
I2C_STOP                          00000004
MPASM  5.51                        BASICO.ASM   8-2-2018  20:04:15         PAGE  6


SYMBOL TABLE
  LABEL                             VALUE 

IBF                               00000007
IBOV                              00000005
INDF                              00000000
INICIO                            00000005
INTCON                            0000000B
INTE                              00000004
INTEDG                            00000006
INTF                              00000001
IRP                               00000007
LED1                              PORTB,0
MAIN                              0000000C
NOT_A                             00000005
NOT_ADDRESS                       00000005
NOT_BO                            00000000
NOT_BOR                           00000000
NOT_DONE                          00000002
NOT_PD                            00000003
NOT_POR                           00000001
NOT_RBPU                          00000007
NOT_RC8                           00000006
NOT_T1SYNC                        00000002
NOT_TO                            00000004
NOT_TX8                           00000006
NOT_W                             00000002
NOT_WRITE                         00000002
OBF                               00000006
OERR                              00000001
OPTION_REG                        00000081
P                                 00000004
PCFG0                             00000000
PCFG1                             00000001
PCFG2                             00000002
PCFG3                             00000003
PCL                               00000002
PCLATH                            0000000A
PCON                              0000008E
PEIE                              00000006
PEN                               00000002
PIE1                              0000008C
PIE2                              0000008D
PIR1                              0000000C
PIR2                              0000000D
PORTA                             00000005
PORTB                             00000006
PORTC                             00000007
PORTD                             00000008
PORTE                             00000009
PR2                               00000092
PS0                               00000000
PS1                               00000001
PS2                               00000002
PSA                               00000003
PSPIE                             00000007
MPASM  5.51                        BASICO.ASM   8-2-2018  20:04:15         PAGE  7


SYMBOL TABLE
  LABEL                             VALUE 

PSPIF                             00000007
PSPMODE                           00000004
R                                 00000002
RA0                               00000000
RA1                               00000001
RA2                               00000002
RA3                               00000003
RA4                               00000004
RA5                               00000005
RB0                               00000000
RB1                               00000001
RB2                               00000002
RB3                               00000003
RB4                               00000004
RB5                               00000005
RB6                               00000006
RB7                               00000007
RBIE                              00000003
RBIF                              00000000
RC0                               00000000
RC1                               00000001
RC2                               00000002
RC3                               00000003
RC4                               00000004
RC5                               00000005
RC6                               00000006
RC7                               00000007
RC8_9                             00000006
RC9                               00000006
RCD8                              00000000
RCEN                              00000003
RCIE                              00000005
RCIF                              00000005
RCREG                             0000001A
RCSTA                             00000018
RD                                00000000
RD0                               00000000
RD1                               00000001
RD2                               00000002
RD3                               00000003
RD4                               00000004
RD5                               00000005
RD6                               00000006
RD7                               00000007
RE0                               00000000
RE1                               00000001
RE2                               00000002
READ_WRITE                        00000002
RP0                               00000005
RP1                               00000006
RSEN                              00000001
RX9                               00000006
RX9D                              00000000
MPASM  5.51                        BASICO.ASM   8-2-2018  20:04:15         PAGE  8


SYMBOL TABLE
  LABEL                             VALUE 

R_NOT_W                           00000002
R_W                               00000002
S                                 00000003
SEN                               00000000
SMP                               00000007
SPBRG                             00000099
SPEN                              00000007
SREN                              00000005
SSPADD                            00000093
SSPBUF                            00000013
SSPCON                            00000014
SSPCON2                           00000091
SSPEN                             00000005
SSPIE                             00000003
SSPIF                             00000003
SSPM0                             00000000
SSPM1                             00000001
SSPM2                             00000002
SSPM3                             00000003
SSPOV                             00000006
SSPSTAT                           00000094
STATUS                            00000003
SYNC                              00000004
T0CS                              00000005
T0IE                              00000005
T0IF                              00000002
T0SE                              00000004
T1CKPS0                           00000004
T1CKPS1                           00000005
T1CON                             00000010
T1INSYNC                          00000002
T1OSCEN                           00000003
T1SYNC                            00000002
T2CKPS0                           00000000
T2CKPS1                           00000001
T2CON                             00000012
TEMPO1                            00000020
TEMPO2                            00000021
TMR0                              00000001
TMR0IE                            00000005
TMR0IF                            00000002
TMR1                              0000000E
TMR1CS                            00000001
TMR1H                             0000000F
TMR1IE                            00000000
TMR1IF                            00000000
TMR1L                             0000000E
TMR1ON                            00000000
TMR2                              00000011
TMR2IE                            00000001
TMR2IF                            00000001
TMR2ON                            00000002
TOUTPS0                           00000003
MPASM  5.51                        BASICO.ASM   8-2-2018  20:04:15         PAGE  9


SYMBOL TABLE
  LABEL                             VALUE 

TOUTPS1                           00000004
TOUTPS2                           00000005
TOUTPS3                           00000006
TRISA                             00000085
TRISA0                            00000000
TRISA1                            00000001
TRISA2                            00000002
TRISA3                            00000003
TRISA4                            00000004
TRISA5                            00000005
TRISB                             00000086
TRISB0                            00000000
TRISB1                            00000001
TRISB2                            00000002
TRISB3                            00000003
TRISB4                            00000004
TRISB5                            00000005
TRISB6                            00000006
TRISB7                            00000007
TRISC                             00000087
TRISC0                            00000000
TRISC1                            00000001
TRISC2                            00000002
TRISC3                            00000003
TRISC4                            00000004
TRISC5                            00000005
TRISC6                            00000006
TRISC7                            00000007
TRISD                             00000088
TRISD0                            00000000
TRISD1                            00000001
TRISD2                            00000002
TRISD3                            00000003
TRISD4                            00000004
TRISD5                            00000005
TRISD6                            00000006
TRISD7                            00000007
TRISE                             00000089
TRISE0                            00000000
TRISE1                            00000001
TRISE2                            00000002
TRMT                              00000001
TX8_9                             00000006
TX9                               00000006
TX9D                              00000000
TXD8                              00000000
TXEN                              00000005
TXIE                              00000004
TXIF                              00000004
TXREG                             00000019
TXSTA                             00000098
UA                                00000001
W                                 00000000
MPASM  5.51                        BASICO.ASM   8-2-2018  20:04:15         PAGE 10


SYMBOL TABLE
  LABEL                             VALUE 

WCOL                              00000007
WR                                00000001
WREN                              00000002
WRERR                             00000003
X                                 00000022
Z                                 00000002
_BODEN_OFF                        00003FBF
_BODEN_ON                         00003FFF
_BOREN_OFF                        00003FBF
_BOREN_ON                         00003FFF
_CONFIG                           00002007
_CPD_OFF                          00003FFF
_CPD_ON                           00003EFF
_CP_ALL                           00001FFF
_CP_OFF                           00003FFF
_CP_ON                            00001FFF
_DEBUG_OFF                        00003FFF
_DEBUG_ON                         000037FF
_DEVID1                           00002006
_FOSC_EXTRC                       00003FFF
_FOSC_HS                          00003FFE
_FOSC_LP                          00003FFC
_FOSC_XT                          00003FFD
_HS_OSC                           00003FFE
_IDLOC0                           00002000
_IDLOC1                           00002001
_IDLOC2                           00002002
_IDLOC3                           00002003
_LP_OSC                           00003FFC
_LVP_OFF                          00003F7F
_LVP_ON                           00003FFF
_PWRTE_OFF                        00003FFF
_PWRTE_ON                         00003FF7
_RC_OSC                           00003FFF
_WDTE_OFF                         00003FFB
_WDTE_ON                          00003FFF
_WDT_OFF                          00003FFB
_WDT_ON                           00003FFF
_WRT_1FOURTH                      00003BFF
_WRT_256                          00003DFF
_WRT_HALF                         000039FF
_WRT_OFF                          00003FFF
_XT_OSC                           00003FFD
__16F877A                         00000001
__DEBUG                           1

Errors   :     0
Warnings :    10 reported,     0 suppressed
Messages :     1 reported,     0 suppressed

