Warning[205] C:\USERS\HOFFMANN\ONEDRIVE\BACKUPDROPBOX\UNOESC\DISCIPLINAS MINISTRADAS\MICROCONTROLADORES\PROJETOS PIC16F877A\B·SICO ASSEMBLY - COM ROTINAS\BASICO.ASM 24 : Found directive in column 1. (__IDLOCS)
Warning[205] C:\USERS\HOFFMANN\ONEDRIVE\BACKUPDROPBOX\UNOESC\DISCIPLINAS MINISTRADAS\MICROCONTROLADORES\PROJETOS PIC16F877A\B·SICO ASSEMBLY - COM ROTINAS\BASICO.ASM 48 : Found directive in column 1. (ORG)
Warning[205] C:\USERS\HOFFMANN\ONEDRIVE\BACKUPDROPBOX\UNOESC\DISCIPLINAS MINISTRADAS\MICROCONTROLADORES\PROJETOS PIC16F877A\B·SICO ASSEMBLY - COM ROTINAS\BASICO.ASM 49 : Found directive in column 1. (DE)
Warning[207] C:\USERS\HOFFMANN\ONEDRIVE\BACKUPDROPBOX\UNOESC\DISCIPLINAS MINISTRADAS\MICROCONTROLADORES\PROJETOS PIC16F877A\B·SICO ASSEMBLY - COM ROTINAS\BASICO.ASM 85 : Found label after column 1. (STATUS_TEMP)
Warning[207] C:\USERS\HOFFMANN\ONEDRIVE\BACKUPDROPBOX\UNOESC\DISCIPLINAS MINISTRADAS\MICROCONTROLADORES\PROJETOS PIC16F877A\B·SICO ASSEMBLY - COM ROTINAS\BASICO.ASM 86 : Found label after column 1. (W_TEMP)
Warning[207] C:\USERS\HOFFMANN\ONEDRIVE\BACKUPDROPBOX\UNOESC\DISCIPLINAS MINISTRADAS\MICROCONTROLADORES\PROJETOS PIC16F877A\B·SICO ASSEMBLY - COM ROTINAS\BASICO.ASM 87 : Found label after column 1. (PCLATH_TEMP)
Warning[207] C:\USERS\HOFFMANN\ONEDRIVE\BACKUPDROPBOX\UNOESC\DISCIPLINAS MINISTRADAS\MICROCONTROLADORES\PROJETOS PIC16F877A\B·SICO ASSEMBLY - COM ROTINAS\BASICO.ASM 96 : Found label after column 1. (CONSTANTE_1)
Warning[207] C:\USERS\HOFFMANN\ONEDRIVE\BACKUPDROPBOX\UNOESC\DISCIPLINAS MINISTRADAS\MICROCONTROLADORES\PROJETOS PIC16F877A\B·SICO ASSEMBLY - COM ROTINAS\BASICO.ASM 97 : Found label after column 1. (CONSTANTE_2)
Warning[207] C:\USERS\HOFFMANN\ONEDRIVE\BACKUPDROPBOX\UNOESC\DISCIPLINAS MINISTRADAS\MICROCONTROLADORES\PROJETOS PIC16F877A\B·SICO ASSEMBLY - COM ROTINAS\BASICO.ASM 98 : Found label after column 1. (CONSTANTE_3)
Message[302] C:\USERS\HOFFMANN\ONEDRIVE\BACKUPDROPBOX\UNOESC\DISCIPLINAS MINISTRADAS\MICROCONTROLADORES\PROJETOS PIC16F877A\B·SICO ASSEMBLY - COM ROTINAS\BASICO.ASM 174 : Register in operand not in bank 0.  Ensure that bank bits are correct.
Message[302] C:\USERS\HOFFMANN\ONEDRIVE\BACKUPDROPBOX\UNOESC\DISCIPLINAS MINISTRADAS\MICROCONTROLADORES\PROJETOS PIC16F877A\B·SICO ASSEMBLY - COM ROTINAS\BASICO.ASM 177 : Register in operand not in bank 0.  Ensure that bank bits are correct.
Message[302] C:\USERS\HOFFMANN\ONEDRIVE\BACKUPDROPBOX\UNOESC\DISCIPLINAS MINISTRADAS\MICROCONTROLADORES\PROJETOS PIC16F877A\B·SICO ASSEMBLY - COM ROTINAS\BASICO.ASM 180 : Register in operand not in bank 0.  Ensure that bank bits are correct.
Message[302] C:\USERS\HOFFMANN\ONEDRIVE\BACKUPDROPBOX\UNOESC\DISCIPLINAS MINISTRADAS\MICROCONTROLADORES\PROJETOS PIC16F877A\B·SICO ASSEMBLY - COM ROTINAS\BASICO.ASM 183 : Register in operand not in bank 0.  Ensure that bank bits are correct.
Message[302] C:\USERS\HOFFMANN\ONEDRIVE\BACKUPDROPBOX\UNOESC\DISCIPLINAS MINISTRADAS\MICROCONTROLADORES\PROJETOS PIC16F877A\B·SICO ASSEMBLY - COM ROTINAS\BASICO.ASM 186 : Register in operand not in bank 0.  Ensure that bank bits are correct.
Message[302] C:\USERS\HOFFMANN\ONEDRIVE\BACKUPDROPBOX\UNOESC\DISCIPLINAS MINISTRADAS\MICROCONTROLADORES\PROJETOS PIC16F877A\B·SICO ASSEMBLY - COM ROTINAS\BASICO.ASM 192 : Register in operand not in bank 0.  Ensure that bank bits are correct.
Message[302] C:\USERS\HOFFMANN\ONEDRIVE\BACKUPDROPBOX\UNOESC\DISCIPLINAS MINISTRADAS\MICROCONTROLADORES\PROJETOS PIC16F877A\B·SICO ASSEMBLY - COM ROTINAS\BASICO.ASM 195 : Register in operand not in bank 0.  Ensure that bank bits are correct.
Warning[207] C:\USERS\HOFFMANN\ONEDRIVE\BACKUPDROPBOX\UNOESC\DISCIPLINAS MINISTRADAS\MICROCONTROLADORES\PROJETOS PIC16F877A\B·SICO ASSEMBLY - COM ROTINAS\BASICO.ASM 274 : Found label after column 1. (MAIOR_1)
Warning[207] C:\USERS\HOFFMANN\ONEDRIVE\BACKUPDROPBOX\UNOESC\DISCIPLINAS MINISTRADAS\MICROCONTROLADORES\PROJETOS PIC16F877A\B·SICO ASSEMBLY - COM ROTINAS\BASICO.ASM 277 : Found label after column 1. (MENOR_1)
Warning[207] C:\USERS\HOFFMANN\ONEDRIVE\BACKUPDROPBOX\UNOESC\DISCIPLINAS MINISTRADAS\MICROCONTROLADORES\PROJETOS PIC16F877A\B·SICO ASSEMBLY - COM ROTINAS\BASICO.ASM 280 : Found label after column 1. (IGUAL_1)
Warning[202] C:\USERS\HOFFMANN\ONEDRIVE\BACKUPDROPBOX\UNOESC\DISCIPLINAS MINISTRADAS\MICROCONTROLADORES\PROJETOS PIC16F877A\B·SICO ASSEMBLY - COM ROTINAS\BASICO.ASM 310 : Argument out of range.  Least significant bits used.
Message[305] C:\USERS\HOFFMANN\ONEDRIVE\BACKUPDROPBOX\UNOESC\DISCIPLINAS MINISTRADAS\MICROCONTROLADORES\PROJETOS PIC16F877A\B·SICO ASSEMBLY - COM ROTINAS\BASICO.ASM 316 : Using default destination of 1 (file).
Warning[203] C:\USERS\HOFFMANN\ONEDRIVE\BACKUPDROPBOX\UNOESC\DISCIPLINAS MINISTRADAS\MICROCONTROLADORES\PROJETOS PIC16F877A\B·SICO ASSEMBLY - COM ROTINAS\BASICO.ASM 364 : Found opcode in column 1. (ADDWF)
Warning[203] C:\USERS\HOFFMANN\ONEDRIVE\BACKUPDROPBOX\UNOESC\DISCIPLINAS MINISTRADAS\MICROCONTROLADORES\PROJETOS PIC16F877A\B·SICO ASSEMBLY - COM ROTINAS\BASICO.ASM 365 : Found opcode in column 1. (RETLW)
Warning[203] C:\USERS\HOFFMANN\ONEDRIVE\BACKUPDROPBOX\UNOESC\DISCIPLINAS MINISTRADAS\MICROCONTROLADORES\PROJETOS PIC16F877A\B·SICO ASSEMBLY - COM ROTINAS\BASICO.ASM 366 : Found opcode in column 1. (RETLW)
Warning[203] C:\USERS\HOFFMANN\ONEDRIVE\BACKUPDROPBOX\UNOESC\DISCIPLINAS MINISTRADAS\MICROCONTROLADORES\PROJETOS PIC16F877A\B·SICO ASSEMBLY - COM ROTINAS\BASICO.ASM 367 : Found opcode in column 1. (RETLW)
Warning[203] C:\USERS\HOFFMANN\ONEDRIVE\BACKUPDROPBOX\UNOESC\DISCIPLINAS MINISTRADAS\MICROCONTROLADORES\PROJETOS PIC16F877A\B·SICO ASSEMBLY - COM ROTINAS\BASICO.ASM 368 : Found opcode in column 1. (RETLW)
Warning[203] C:\USERS\HOFFMANN\ONEDRIVE\BACKUPDROPBOX\UNOESC\DISCIPLINAS MINISTRADAS\MICROCONTROLADORES\PROJETOS PIC16F877A\B·SICO ASSEMBLY - COM ROTINAS\BASICO.ASM 369 : Found opcode in column 1. (RETLW)
Warning[203] C:\USERS\HOFFMANN\ONEDRIVE\BACKUPDROPBOX\UNOESC\DISCIPLINAS MINISTRADAS\MICROCONTROLADORES\PROJETOS PIC16F877A\B·SICO ASSEMBLY - COM ROTINAS\BASICO.ASM 370 : Found opcode in column 1. (RETLW)
Warning[203] C:\USERS\HOFFMANN\ONEDRIVE\BACKUPDROPBOX\UNOESC\DISCIPLINAS MINISTRADAS\MICROCONTROLADORES\PROJETOS PIC16F877A\B·SICO ASSEMBLY - COM ROTINAS\BASICO.ASM 371 : Found opcode in column 1. (RETLW)
Warning[203] C:\USERS\HOFFMANN\ONEDRIVE\BACKUPDROPBOX\UNOESC\DISCIPLINAS MINISTRADAS\MICROCONTROLADORES\PROJETOS PIC16F877A\B·SICO ASSEMBLY - COM ROTINAS\BASICO.ASM 372 : Found opcode in column 1. (RETLW)
Warning[203] C:\USERS\HOFFMANN\ONEDRIVE\BACKUPDROPBOX\UNOESC\DISCIPLINAS MINISTRADAS\MICROCONTROLADORES\PROJETOS PIC16F877A\B·SICO ASSEMBLY - COM ROTINAS\BASICO.ASM 373 : Found opcode in column 1. (RETLW)
Warning[203] C:\USERS\HOFFMANN\ONEDRIVE\BACKUPDROPBOX\UNOESC\DISCIPLINAS MINISTRADAS\MICROCONTROLADORES\PROJETOS PIC16F877A\B·SICO ASSEMBLY - COM ROTINAS\BASICO.ASM 374 : Found opcode in column 1. (RETLW)
Warning[203] C:\USERS\HOFFMANN\ONEDRIVE\BACKUPDROPBOX\UNOESC\DISCIPLINAS MINISTRADAS\MICROCONTROLADORES\PROJETOS PIC16F877A\B·SICO ASSEMBLY - COM ROTINAS\BASICO.ASM 375 : Found opcode in column 1. (RETLW)
Warning[203] C:\USERS\HOFFMANN\ONEDRIVE\BACKUPDROPBOX\UNOESC\DISCIPLINAS MINISTRADAS\MICROCONTROLADORES\PROJETOS PIC16F877A\B·SICO ASSEMBLY - COM ROTINAS\BASICO.ASM 376 : Found opcode in column 1. (RETLW)
Warning[203] C:\USERS\HOFFMANN\ONEDRIVE\BACKUPDROPBOX\UNOESC\DISCIPLINAS MINISTRADAS\MICROCONTROLADORES\PROJETOS PIC16F877A\B·SICO ASSEMBLY - COM ROTINAS\BASICO.ASM 377 : Found opcode in column 1. (RETLW)
Warning[203] C:\USERS\HOFFMANN\ONEDRIVE\BACKUPDROPBOX\UNOESC\DISCIPLINAS MINISTRADAS\MICROCONTROLADORES\PROJETOS PIC16F877A\B·SICO ASSEMBLY - COM ROTINAS\BASICO.ASM 378 : Found opcode in column 1. (RETLW)
Warning[203] C:\USERS\HOFFMANN\ONEDRIVE\BACKUPDROPBOX\UNOESC\DISCIPLINAS MINISTRADAS\MICROCONTROLADORES\PROJETOS PIC16F877A\B·SICO ASSEMBLY - COM ROTINAS\BASICO.ASM 379 : Found opcode in column 1. (RETLW)
Warning[203] C:\USERS\HOFFMANN\ONEDRIVE\BACKUPDROPBOX\UNOESC\DISCIPLINAS MINISTRADAS\MICROCONTROLADORES\PROJETOS PIC16F877A\B·SICO ASSEMBLY - COM ROTINAS\BASICO.ASM 380 : Found opcode in column 1. (RETLW)
Warning[203] C:\USERS\HOFFMANN\ONEDRIVE\BACKUPDROPBOX\UNOESC\DISCIPLINAS MINISTRADAS\MICROCONTROLADORES\PROJETOS PIC16F877A\B·SICO ASSEMBLY - COM ROTINAS\BASICO.ASM 384 : Found opcode in column 1. (RETLW)
Warning[203] C:\USERS\HOFFMANN\ONEDRIVE\BACKUPDROPBOX\UNOESC\DISCIPLINAS MINISTRADAS\MICROCONTROLADORES\PROJETOS PIC16F877A\B·SICO ASSEMBLY - COM ROTINAS\BASICO.ASM 385 : Found opcode in column 1. (RETLW)
Warning[203] C:\USERS\HOFFMANN\ONEDRIVE\BACKUPDROPBOX\UNOESC\DISCIPLINAS MINISTRADAS\MICROCONTROLADORES\PROJETOS PIC16F877A\B·SICO ASSEMBLY - COM ROTINAS\BASICO.ASM 386 : Found opcode in column 1. (RETLW)
Warning[203] C:\USERS\HOFFMANN\ONEDRIVE\BACKUPDROPBOX\UNOESC\DISCIPLINAS MINISTRADAS\MICROCONTROLADORES\PROJETOS PIC16F877A\B·SICO ASSEMBLY - COM ROTINAS\BASICO.ASM 387 : Found opcode in column 1. (RETLW)
Warning[203] C:\USERS\HOFFMANN\ONEDRIVE\BACKUPDROPBOX\UNOESC\DISCIPLINAS MINISTRADAS\MICROCONTROLADORES\PROJETOS PIC16F877A\B·SICO ASSEMBLY - COM ROTINAS\BASICO.ASM 388 : Found opcode in column 1. (RETLW)
Warning[203] C:\USERS\HOFFMANN\ONEDRIVE\BACKUPDROPBOX\UNOESC\DISCIPLINAS MINISTRADAS\MICROCONTROLADORES\PROJETOS PIC16F877A\B·SICO ASSEMBLY - COM ROTINAS\BASICO.ASM 389 : Found opcode in column 1. (RETLW)
Warning[203] C:\USERS\HOFFMANN\ONEDRIVE\BACKUPDROPBOX\UNOESC\DISCIPLINAS MINISTRADAS\MICROCONTROLADORES\PROJETOS PIC16F877A\B·SICO ASSEMBLY - COM ROTINAS\BASICO.ASM 390 : Found opcode in column 1. (RETLW)
Warning[203] C:\USERS\HOFFMANN\ONEDRIVE\BACKUPDROPBOX\UNOESC\DISCIPLINAS MINISTRADAS\MICROCONTROLADORES\PROJETOS PIC16F877A\B·SICO ASSEMBLY - COM ROTINAS\BASICO.ASM 391 : Found opcode in column 1. (RETLW)
Warning[203] C:\USERS\HOFFMANN\ONEDRIVE\BACKUPDROPBOX\UNOESC\DISCIPLINAS MINISTRADAS\MICROCONTROLADORES\PROJETOS PIC16F877A\B·SICO ASSEMBLY - COM ROTINAS\BASICO.ASM 392 : Found opcode in column 1. (RETLW)
Warning[203] C:\USERS\HOFFMANN\ONEDRIVE\BACKUPDROPBOX\UNOESC\DISCIPLINAS MINISTRADAS\MICROCONTROLADORES\PROJETOS PIC16F877A\B·SICO ASSEMBLY - COM ROTINAS\BASICO.ASM 393 : Found opcode in column 1. (RETLW)
Warning[207] C:\USERS\HOFFMANN\ONEDRIVE\BACKUPDROPBOX\UNOESC\DISCIPLINAS MINISTRADAS\MICROCONTROLADORES\PROJETOS PIC16F877A\B·SICO ASSEMBLY - COM ROTINAS\BASICO.ASM 479 : Found label after column 1. (NOCHK)
Warning[205] C:\USERS\HOFFMANN\ONEDRIVE\BACKUPDROPBOX\UNOESC\DISCIPLINAS MINISTRADAS\MICROCONTROLADORES\PROJETOS PIC16F877A\B·SICO ASSEMBLY - COM ROTINAS\BASICO.ASM 527 : Found directive in column 1. (ENDM)
Warning[203] C:\USERS\HOFFMANN\ONEDRIVE\BACKUPDROPBOX\UNOESC\DISCIPLINAS MINISTRADAS\MICROCONTROLADORES\PROJETOS PIC16F877A\B·SICO ASSEMBLY - COM ROTINAS\BASICO.ASM 545 : Found opcode in column 1. (RETURN)
Warning[206] C:\USERS\HOFFMANN\ONEDRIVE\BACKUPDROPBOX\UNOESC\DISCIPLINAS MINISTRADAS\MICROCONTROLADORES\PROJETOS PIC16F877A\B·SICO ASSEMBLY - COM ROTINAS\BASICO.ASM 548 : Found call to macro in column 1. (BANK2)
Warning[203] C:\USERS\HOFFMANN\ONEDRIVE\BACKUPDROPBOX\UNOESC\DISCIPLINAS MINISTRADAS\MICROCONTROLADORES\PROJETOS PIC16F877A\B·SICO ASSEMBLY - COM ROTINAS\BASICO.ASM 549 : Found opcode in column 1. (MOVWF)
Message[302] C:\USERS\HOFFMANN\ONEDRIVE\BACKUPDROPBOX\UNOESC\DISCIPLINAS MINISTRADAS\MICROCONTROLADORES\PROJETOS PIC16F877A\B·SICO ASSEMBLY - COM ROTINAS\BASICO.ASM 549 : Register in operand not in bank 0.  Ensure that bank bits are correct.
Warning[206] C:\USERS\HOFFMANN\ONEDRIVE\BACKUPDROPBOX\UNOESC\DISCIPLINAS MINISTRADAS\MICROCONTROLADORES\PROJETOS PIC16F877A\B·SICO ASSEMBLY - COM ROTINAS\BASICO.ASM 550 : Found call to macro in column 1. (BANK3)
Warning[203] C:\USERS\HOFFMANN\ONEDRIVE\BACKUPDROPBOX\UNOESC\DISCIPLINAS MINISTRADAS\MICROCONTROLADORES\PROJETOS PIC16F877A\B·SICO ASSEMBLY - COM ROTINAS\BASICO.ASM 551 : Found opcode in column 1. (BCF)
Message[302] C:\USERS\HOFFMANN\ONEDRIVE\BACKUPDROPBOX\UNOESC\DISCIPLINAS MINISTRADAS\MICROCONTROLADORES\PROJETOS PIC16F877A\B·SICO ASSEMBLY - COM ROTINAS\BASICO.ASM 551 : Register in operand not in bank 0.  Ensure that bank bits are correct.
Warning[203] C:\USERS\HOFFMANN\ONEDRIVE\BACKUPDROPBOX\UNOESC\DISCIPLINAS MINISTRADAS\MICROCONTROLADORES\PROJETOS PIC16F877A\B·SICO ASSEMBLY - COM ROTINAS\BASICO.ASM 552 : Found opcode in column 1. (BSF)
Message[302] C:\USERS\HOFFMANN\ONEDRIVE\BACKUPDROPBOX\UNOESC\DISCIPLINAS MINISTRADAS\MICROCONTROLADORES\PROJETOS PIC16F877A\B·SICO ASSEMBLY - COM ROTINAS\BASICO.ASM 552 : Register in operand not in bank 0.  Ensure that bank bits are correct.
Warning[206] C:\USERS\HOFFMANN\ONEDRIVE\BACKUPDROPBOX\UNOESC\DISCIPLINAS MINISTRADAS\MICROCONTROLADORES\PROJETOS PIC16F877A\B·SICO ASSEMBLY - COM ROTINAS\BASICO.ASM 553 : Found call to macro in column 1. (BANK2)
Warning[203] C:\USERS\HOFFMANN\ONEDRIVE\BACKUPDROPBOX\UNOESC\DISCIPLINAS MINISTRADAS\MICROCONTROLADORES\PROJETOS PIC16F877A\B·SICO ASSEMBLY - COM ROTINAS\BASICO.ASM 554 : Found opcode in column 1. (MOVF)
Message[302] C:\USERS\HOFFMANN\ONEDRIVE\BACKUPDROPBOX\UNOESC\DISCIPLINAS MINISTRADAS\MICROCONTROLADORES\PROJETOS PIC16F877A\B·SICO ASSEMBLY - COM ROTINAS\BASICO.ASM 554 : Register in operand not in bank 0.  Ensure that bank bits are correct.
Warning[203] C:\USERS\HOFFMANN\ONEDRIVE\BACKUPDROPBOX\UNOESC\DISCIPLINAS MINISTRADAS\MICROCONTROLADORES\PROJETOS PIC16F877A\B·SICO ASSEMBLY - COM ROTINAS\BASICO.ASM 555 : Found opcode in column 1. (RETURN)
Warning[206] C:\USERS\HOFFMANN\ONEDRIVE\BACKUPDROPBOX\UNOESC\DISCIPLINAS MINISTRADAS\MICROCONTROLADORES\PROJETOS PIC16F877A\B·SICO ASSEMBLY - COM ROTINAS\BASICO.ASM 558 : Found call to macro in column 1. (BANK3)
Warning[203] C:\USERS\HOFFMANN\ONEDRIVE\BACKUPDROPBOX\UNOESC\DISCIPLINAS MINISTRADAS\MICROCONTROLADORES\PROJETOS PIC16F877A\B·SICO ASSEMBLY - COM ROTINAS\BASICO.ASM 559 : Found opcode in column 1. (BTFSC)
Message[302] C:\USERS\HOFFMANN\ONEDRIVE\BACKUPDROPBOX\UNOESC\DISCIPLINAS MINISTRADAS\MICROCONTROLADORES\PROJETOS PIC16F877A\B·SICO ASSEMBLY - COM ROTINAS\BASICO.ASM 559 : Register in operand not in bank 0.  Ensure that bank bits are correct.
Warning[203] C:\USERS\HOFFMANN\ONEDRIVE\BACKUPDROPBOX\UNOESC\DISCIPLINAS MINISTRADAS\MICROCONTROLADORES\PROJETOS PIC16F877A\B·SICO ASSEMBLY - COM ROTINAS\BASICO.ASM 560 : Found opcode in column 1. (GOTO)
Warning[206] C:\USERS\HOFFMANN\ONEDRIVE\BACKUPDROPBOX\UNOESC\DISCIPLINAS MINISTRADAS\MICROCONTROLADORES\PROJETOS PIC16F877A\B·SICO ASSEMBLY - COM ROTINAS\BASICO.ASM 561 : Found call to macro in column 1. (BANK2)
Warning[203] C:\USERS\HOFFMANN\ONEDRIVE\BACKUPDROPBOX\UNOESC\DISCIPLINAS MINISTRADAS\MICROCONTROLADORES\PROJETOS PIC16F877A\B·SICO ASSEMBLY - COM ROTINAS\BASICO.ASM 562 : Found opcode in column 1. (MOVF)
Warning[203] C:\USERS\HOFFMANN\ONEDRIVE\BACKUPDROPBOX\UNOESC\DISCIPLINAS MINISTRADAS\MICROCONTROLADORES\PROJETOS PIC16F877A\B·SICO ASSEMBLY - COM ROTINAS\BASICO.ASM 563 : Found opcode in column 1. (MOVWF)
Message[302] C:\USERS\HOFFMANN\ONEDRIVE\BACKUPDROPBOX\UNOESC\DISCIPLINAS MINISTRADAS\MICROCONTROLADORES\PROJETOS PIC16F877A\B·SICO ASSEMBLY - COM ROTINAS\BASICO.ASM 563 : Register in operand not in bank 0.  Ensure that bank bits are correct.
Warning[203] C:\USERS\HOFFMANN\ONEDRIVE\BACKUPDROPBOX\UNOESC\DISCIPLINAS MINISTRADAS\MICROCONTROLADORES\PROJETOS PIC16F877A\B·SICO ASSEMBLY - COM ROTINAS\BASICO.ASM 564 : Found opcode in column 1. (MOVF)
Warning[203] C:\USERS\HOFFMANN\ONEDRIVE\BACKUPDROPBOX\UNOESC\DISCIPLINAS MINISTRADAS\MICROCONTROLADORES\PROJETOS PIC16F877A\B·SICO ASSEMBLY - COM ROTINAS\BASICO.ASM 565 : Found opcode in column 1. (MOVWF)
Message[302] C:\USERS\HOFFMANN\ONEDRIVE\BACKUPDROPBOX\UNOESC\DISCIPLINAS MINISTRADAS\MICROCONTROLADORES\PROJETOS PIC16F877A\B·SICO ASSEMBLY - COM ROTINAS\BASICO.ASM 565 : Register in operand not in bank 0.  Ensure that bank bits are correct.
Warning[206] C:\USERS\HOFFMANN\ONEDRIVE\BACKUPDROPBOX\UNOESC\DISCIPLINAS MINISTRADAS\MICROCONTROLADORES\PROJETOS PIC16F877A\B·SICO ASSEMBLY - COM ROTINAS\BASICO.ASM 566 : Found call to macro in column 1. (BANK3)
Warning[203] C:\USERS\HOFFMANN\ONEDRIVE\BACKUPDROPBOX\UNOESC\DISCIPLINAS MINISTRADAS\MICROCONTROLADORES\PROJETOS PIC16F877A\B·SICO ASSEMBLY - COM ROTINAS\BASICO.ASM 567 : Found opcode in column 1. (BCF)
Message[302] C:\USERS\HOFFMANN\ONEDRIVE\BACKUPDROPBOX\UNOESC\DISCIPLINAS MINISTRADAS\MICROCONTROLADORES\PROJETOS PIC16F877A\B·SICO ASSEMBLY - COM ROTINAS\BASICO.ASM 567 : Register in operand not in bank 0.  Ensure that bank bits are correct.
Warning[203] C:\USERS\HOFFMANN\ONEDRIVE\BACKUPDROPBOX\UNOESC\DISCIPLINAS MINISTRADAS\MICROCONTROLADORES\PROJETOS PIC16F877A\B·SICO ASSEMBLY - COM ROTINAS\BASICO.ASM 568 : Found opcode in column 1. (BSF)
Message[302] C:\USERS\HOFFMANN\ONEDRIVE\BACKUPDROPBOX\UNOESC\DISCIPLINAS MINISTRADAS\MICROCONTROLADORES\PROJETOS PIC16F877A\B·SICO ASSEMBLY - COM ROTINAS\BASICO.ASM 568 : Register in operand not in bank 0.  Ensure that bank bits are correct.
Warning[203] C:\USERS\HOFFMANN\ONEDRIVE\BACKUPDROPBOX\UNOESC\DISCIPLINAS MINISTRADAS\MICROCONTROLADORES\PROJETOS PIC16F877A\B·SICO ASSEMBLY - COM ROTINAS\BASICO.ASM 570 : Found opcode in column 1. (MOVLW)
Warning[203] C:\USERS\HOFFMANN\ONEDRIVE\BACKUPDROPBOX\UNOESC\DISCIPLINAS MINISTRADAS\MICROCONTROLADORES\PROJETOS PIC16F877A\B·SICO ASSEMBLY - COM ROTINAS\BASICO.ASM 571 : Found opcode in column 1. (MOVWF)
Message[302] C:\USERS\HOFFMANN\ONEDRIVE\BACKUPDROPBOX\UNOESC\DISCIPLINAS MINISTRADAS\MICROCONTROLADORES\PROJETOS PIC16F877A\B·SICO ASSEMBLY - COM ROTINAS\BASICO.ASM 571 : Register in operand not in bank 0.  Ensure that bank bits are correct.
Warning[203] C:\USERS\HOFFMANN\ONEDRIVE\BACKUPDROPBOX\UNOESC\DISCIPLINAS MINISTRADAS\MICROCONTROLADORES\PROJETOS PIC16F877A\B·SICO ASSEMBLY - COM ROTINAS\BASICO.ASM 572 : Found opcode in column 1. (MOVLW)
Warning[203] C:\USERS\HOFFMANN\ONEDRIVE\BACKUPDROPBOX\UNOESC\DISCIPLINAS MINISTRADAS\MICROCONTROLADORES\PROJETOS PIC16F877A\B·SICO ASSEMBLY - COM ROTINAS\BASICO.ASM 573 : Found opcode in column 1. (MOVWF)
Message[302] C:\USERS\HOFFMANN\ONEDRIVE\BACKUPDROPBOX\UNOESC\DISCIPLINAS MINISTRADAS\MICROCONTROLADORES\PROJETOS PIC16F877A\B·SICO ASSEMBLY - COM ROTINAS\BASICO.ASM 573 : Register in operand not in bank 0.  Ensure that bank bits are correct.
Warning[203] C:\USERS\HOFFMANN\ONEDRIVE\BACKUPDROPBOX\UNOESC\DISCIPLINAS MINISTRADAS\MICROCONTROLADORES\PROJETOS PIC16F877A\B·SICO ASSEMBLY - COM ROTINAS\BASICO.ASM 574 : Found opcode in column 1. (BSF)
Message[302] C:\USERS\HOFFMANN\ONEDRIVE\BACKUPDROPBOX\UNOESC\DISCIPLINAS MINISTRADAS\MICROCONTROLADORES\PROJETOS PIC16F877A\B·SICO ASSEMBLY - COM ROTINAS\BASICO.ASM 574 : Register in operand not in bank 0.  Ensure that bank bits are correct.
Warning[203] C:\USERS\HOFFMANN\ONEDRIVE\BACKUPDROPBOX\UNOESC\DISCIPLINAS MINISTRADAS\MICROCONTROLADORES\PROJETOS PIC16F877A\B·SICO ASSEMBLY - COM ROTINAS\BASICO.ASM 576 : Found opcode in column 1. (BCF)
Message[302] C:\USERS\HOFFMANN\ONEDRIVE\BACKUPDROPBOX\UNOESC\DISCIPLINAS MINISTRADAS\MICROCONTROLADORES\PROJETOS PIC16F877A\B·SICO ASSEMBLY - COM ROTINAS\BASICO.ASM 576 : Register in operand not in bank 0.  Ensure that bank bits are correct.
Warning[203] C:\USERS\HOFFMANN\ONEDRIVE\BACKUPDROPBOX\UNOESC\DISCIPLINAS MINISTRADAS\MICROCONTROLADORES\PROJETOS PIC16F877A\B·SICO ASSEMBLY - COM ROTINAS\BASICO.ASM 580 : Found opcode in column 1. (RETURN)
Warning[205] C:\USERS\HOFFMANN\ONEDRIVE\BACKUPDROPBOX\UNOESC\DISCIPLINAS MINISTRADAS\MICROCONTROLADORES\PROJETOS PIC16F877A\B·SICO ASSEMBLY - COM ROTINAS\BASICO.ASM 582 : Found directive in column 1. (END)
