

Microchip Technology PIC LITE Macro Assembler V1.33 build 59893 
                                                                                               Mon Sep 21 10:29:52 2020

Microchip Technology Omniscient Code Generator (Lite mode) build 59893
     1                           	processor	16F877A
     2                           	opt	pw 120
     3                           	opt	lm
     4                           	psect	maintext,global,class=CODE,split=1,delta=2
     5                           	psect	cinit,global,class=CODE,merge=1,delta=2
     6                           	psect	bssCOMMON,global,class=COMMON,space=1,delta=1
     7                           	psect	bssBANK0,global,class=BANK0,space=1,delta=1
     8                           	psect	clrtext,global,class=CODE,delta=2
     9                           	psect	cstackCOMMON,global,class=COMMON,space=1,delta=1
    10                           	dabs	1,0x7E,2
    11  0000                     	;# 
    12  0001                     	;# 
    13  0002                     	;# 
    14  0003                     	;# 
    15  0004                     	;# 
    16  0005                     	;# 
    17  0006                     	;# 
    18  0007                     	;# 
    19  0008                     	;# 
    20  0009                     	;# 
    21  000A                     	;# 
    22  000B                     	;# 
    23  000C                     	;# 
    24  000D                     	;# 
    25  000E                     	;# 
    26  000E                     	;# 
    27  000F                     	;# 
    28  0010                     	;# 
    29  0011                     	;# 
    30  0012                     	;# 
    31  0013                     	;# 
    32  0014                     	;# 
    33  0015                     	;# 
    34  0015                     	;# 
    35  0016                     	;# 
    36  0017                     	;# 
    37  0018                     	;# 
    38  0019                     	;# 
    39  001A                     	;# 
    40  001B                     	;# 
    41  001B                     	;# 
    42  001C                     	;# 
    43  001D                     	;# 
    44  001E                     	;# 
    45  001F                     	;# 
    46  0081                     	;# 
    47  0085                     	;# 
    48  0086                     	;# 
    49  0087                     	;# 
    50  0088                     	;# 
    51  0089                     	;# 
    52  008C                     	;# 
    53  008D                     	;# 
    54  008E                     	;# 
    55  0091                     	;# 
    56  0092                     	;# 
    57  0093                     	;# 
    58  0094                     	;# 
    59  0098                     	;# 
    60  0099                     	;# 
    61  009C                     	;# 
    62  009D                     	;# 
    63  009E                     	;# 
    64  009F                     	;# 
    65  010C                     	;# 
    66  010D                     	;# 
    67  010E                     	;# 
    68  010F                     	;# 
    69  018C                     	;# 
    70  018D                     	;# 
    71  000B                     _INTCONbits	set	11
    72  0006                     _PORTB	set	6
    73  0006                     _PORTBbits	set	6
    74  0086                     _TRISB	set	134
    75                           
    76                           	psect	maintext
    77  07C3                     __pmaintext:	
    78                           ; #config settings
    79                           
    80                           
    81                           ;psect for function _main
    82  0000                     
    83 ;;
    84 ;;Main: autosize = 0, tempsize = 2, incstack = 0, save=0
    85 ;;
    86 ;; *************** function _main *****************
    87 ;; Defined at:
    88 ;;		line 20 in file "C:\Users\Hoffmann\OneDrive\Backupdropbox\UNOESC\Disciplinas Ministradas\Microcontroladores\Projetos
      + PIC16F877A\BásicoC\basico.c"
    89 ;; Parameters:    Size  Location     Type
    90 ;;		None
    91 ;; Auto vars:     Size  Location     Type
    92 ;;		None
    93 ;; Return value:  Size  Location     Type
    94 ;;		None               void
    95 ;; Registers used:
    96 ;;		wreg, status,2, status,0
    97 ;; Tracked objects:
    98 ;;		On entry : 17F/0
    99 ;;		On exit  : 0/0
   100 ;;		Unchanged: 0/0
   101 ;; Data sizes:     COMMON   BANK0   BANK1   BANK3   BANK2
   102 ;;      Params:         0       0       0       0       0
   103 ;;      Locals:         0       0       0       0       0
   104 ;;      Temps:          2       0       0       0       0
   105 ;;      Totals:         2       0       0       0       0
   106 ;;Total ram usage:        2 bytes
   107 ;; This function calls:
   108 ;;		Nothing
   109 ;; This function is called by:
   110 ;;		Startup code after reset
   111 ;; This function uses a non-reentrant model
   112 ;;
   113  07C3                     _main:	
   114                           
   115                           ;basico.c: 22: TRISB = 0b00001100;
   116                           
   117                           ;incstack = 0
   118                           ; Regs used in _main: [wreg+status,2+status,0]
   119  07C3  300C               	movlw	12
   120  07C4  1683               	bsf	3,5	;RP0=1, select bank1
   121  07C5  1303               	bcf	3,6	;RP1=0, select bank1
   122  07C6  0086               	movwf	6	;volatile
   123                           
   124                           ;basico.c: 23: PORTB = 0x00;
   125  07C7  1283               	bcf	3,5	;RP0=0, select bank0
   126  07C8  1303               	bcf	3,6	;RP1=0, select bank0
   127  07C9  0186               	clrf	6	;volatile
   128                           
   129                           ;basico.c: 25: INTCONbits.GIE = 0;
   130  07CA  138B               	bcf	11,7	;volatile
   131  07CB                     l494:	
   132                           ;basico.c: 30: while(1)
   133                           
   134                           
   135                           ;basico.c: 31: {
   136                           ;basico.c: 32: PORTBbits.RB5 = PORTBbits.RB2;
   137  07CB  1D06               	btfss	6,2	;volatile
   138  07CC  2FD1               	goto	u10
   139  07CD  1283               	bcf	3,5	;RP0=0, select bank0
   140  07CE  1303               	bcf	3,6	;RP1=0, select bank0
   141  07CF  1686               	bsf	6,5	;volatile
   142  07D0  2FD4               	goto	l496
   143  07D1                     u10:	
   144  07D1  1283               	bcf	3,5	;RP0=0, select bank0
   145  07D2  1303               	bcf	3,6	;RP1=0, select bank0
   146  07D3  1286               	bcf	6,5	;volatile
   147  07D4                     l496:	
   148                           
   149                           ;basico.c: 34: if(PORTBbits.RB3)
   150  07D4  1D86               	btfss	6,3	;volatile
   151  07D5  2FCB               	goto	l494
   152                           
   153                           ;basico.c: 35: {
   154                           ;basico.c: 36: _delay((unsigned long)((30)*(20000000/4000.0)));
   155  07D6  30C3               	movlw	195
   156  07D7  00F5               	movwf	??_main+1
   157  07D8  30CD               	movlw	205
   158  07D9  00F4               	movwf	??_main
   159  07DA                     u87:	
   160  07DA  0BF4               	decfsz	??_main,f
   161  07DB  2FDA               	goto	u87
   162  07DC  0BF5               	decfsz	??_main+1,f
   163  07DD  2FDA               	goto	u87
   164                           
   165                           ;basico.c: 37: if(PORTBbits.RB3)
   166  07DE  1283               	bcf	3,5	;RP0=0, select bank0
   167  07DF  1303               	bcf	3,6	;RP1=0, select bank0
   168  07E0  1D86               	btfss	6,3	;volatile
   169  07E1  2FCB               	goto	l494
   170  07E2                     l22:	
   171                           ;basico.c: 38: {
   172                           ;basico.c: 39: while(PORTBbits.RB3);
   173                           
   174  07E2  1986               	btfsc	6,3	;volatile
   175  07E3  2FE2               	goto	l22
   176                           
   177                           ;basico.c: 40: PORTBbits.RB4 =~ PORTBbits.RB4;
   178  07E4  1003               	clrc
   179  07E5  1E06               	btfss	6,4	;volatile
   180  07E6  1403               	setc
   181  07E7  1C03               	btfss	3,0
   182  07E8  2FED               	goto	u60
   183  07E9  1283               	bcf	3,5	;RP0=0, select bank0
   184  07EA  1303               	bcf	3,6	;RP1=0, select bank0
   185  07EB  1606               	bsf	6,4	;volatile
   186  07EC  2FCB               	goto	l494
   187  07ED                     u60:	
   188  07ED  1283               	bcf	3,5	;RP0=0, select bank0
   189  07EE  1303               	bcf	3,6	;RP1=0, select bank0
   190  07EF  1206               	bcf	6,4	;volatile
   191  07F0  2FCB               	goto	l494
   192  07F1                     __end_of_main:	
   193  007E                     btemp	set	126	;btemp
   194  007E                     wtemp	set	126
   195  007E                     wtemp0	set	126
   196  0080                     wtemp1	set	128
   197  0082                     wtemp2	set	130
   198  0084                     wtemp3	set	132
   199  0086                     wtemp4	set	134
   200  0088                     wtemp5	set	136
   201  007F                     wtemp6	set	127
   202  007E                     ttemp	set	126
   203  007E                     ttemp0	set	126
   204  0081                     ttemp1	set	129
   205  0084                     ttemp2	set	132
   206  0087                     ttemp3	set	135
   207  007F                     ttemp4	set	127
   208  007E                     ltemp	set	126
   209  007E                     ltemp0	set	126
   210  0082                     ltemp1	set	130
   211  0086                     ltemp2	set	134
   212  0080                     ltemp3	set	128
   213                           
   214                           	psect	cinit
   215  07F1                     start_initialization:	
   216  07F1                     __initialization:	
   217                           
   218                           ; Clear objects allocated to COMMON
   219  07F1  01F0               	clrf	__pbssCOMMON& (0+127)
   220  07F2  01F1               	clrf	(__pbssCOMMON+1)& (0+127)
   221  07F3  01F2               	clrf	(__pbssCOMMON+2)& (0+127)
   222  07F4  01F3               	clrf	(__pbssCOMMON+3)& (0+127)
   223                           
   224                           ; Clear objects allocated to BANK0
   225  07F5  1383               	bcf	3,7	;select IRP bank0
   226  07F6  3020               	movlw	low __pbssBANK0
   227  07F7  0084               	movwf	4
   228  07F8  3034               	movlw	low (__pbssBANK0+20)
   229  07F9  120A  118A  27BB   	fcall	clear_ram0
   230  07FC                     end_of_initialization:	
   231                           ;End of C runtime variable initialization code
   232                           
   233  07FC                     __end_of__initialization:	
   234  07FC  0183               	clrf	3
   235  07FD  120A  118A  2FC3   	ljmp	_main	;jump to C main() function
   236                           
   237                           	psect	bssCOMMON
   238  0070                     __pbssCOMMON:	
   239  0070                     _VAR:	
   240  0070                     	ds	2
   241  0072                     _i:	
   242  0072                     	ds	2
   243                           
   244                           	psect	bssBANK0
   245  0020                     __pbssBANK0:	
   246  0020                     _a:	
   247  0020                     	ds	20
   248                           
   249                           	psect	clrtext
   250  07BB                     clear_ram0:	
   251                           ;	Called with FSR containing the base address, and
   252                           ;	W with the last address+1
   253                           
   254  07BB  0064               	clrwdt	;clear the watchdog before getting into this loop
   255  07BC                     clrloop0:	
   256  07BC  0180               	clrf	0	;clear RAM location pointed to by FSR
   257  07BD  0A84               	incf	4,f	;increment pointer
   258  07BE  0604               	xorwf	4,w	;XOR with final address
   259  07BF  1903               	btfsc	3,2	;have we reached the end yet?
   260  07C0  3400               	retlw	0	;all done for this memory range, return
   261  07C1  0604               	xorwf	4,w	;XOR again to restore value
   262  07C2  2FBC               	goto	clrloop0	;do the next byte
   263                           
   264                           	psect	cstackCOMMON
   265  0074                     __pcstackCOMMON:	
   266  0074                     ?_main:	
   267  0074                     ??_main:	
   268                           ; 0 bytes @ 0x0
   269                           
   270                           
   271                           ; 0 bytes @ 0x0
   272  0074                     	ds	2


Data Sizes:
    Strings     0
    Constant    0
    Data        0
    BSS         24
    Persistent  0
    Stack       0

Auto Spaces:
    Space          Size  Autos    Used
    COMMON           14      2       6
    BANK0            80      0      20
    BANK1            80      0       0
    BANK3            96      0       0
    BANK2            96      0       0

Pointer List with Targets:

    None.

Critical Paths under _main in COMMON

    None.

Critical Paths under _main in BANK0

    None.

Critical Paths under _main in BANK1

    None.

Critical Paths under _main in BANK3

    None.

Critical Paths under _main in BANK2

    None.

Call Graph Tables:

 ---------------------------------------------------------------------------------
 (Depth) Function   	        Calls       Base Space   Used Autos Params    Refs
 ---------------------------------------------------------------------------------
 (0) _main                                                 2     2      0       0
                                              0 COMMON     2     2      0
 ---------------------------------------------------------------------------------
 Estimated maximum stack depth 0
 ---------------------------------------------------------------------------------

 Call Graph Graphs:

 _main (ROOT)

 Address spaces:
Name               Size   Autos  Total    Cost      Usage
BITCOMMON            E      0       0       0        0.0%
EEDATA             100      0       0       0        0.0%
NULL                 0      0       0       0        0.0%
CODE                 0      0       0       0        0.0%
COMMON               E      2       6       1       42.9%
BITSFR0              0      0       0       1        0.0%
SFR0                 0      0       0       1        0.0%
BITSFR1              0      0       0       2        0.0%
SFR1                 0      0       0       2        0.0%
STACK                0      0       0       2        0.0%
ABS                  0      0      1A       3        0.0%
BITBANK0            50      0       0       4        0.0%
BITSFR3              0      0       0       4        0.0%
SFR3                 0      0       0       4        0.0%
BANK0               50      0      14       5       25.0%
BITSFR2              0      0       0       5        0.0%
SFR2                 0      0       0       5        0.0%
BITBANK1            50      0       0       6        0.0%
BANK1               50      0       0       7        0.0%
BITBANK3            60      0       0       8        0.0%
BANK3               60      0       0       9        0.0%
BITBANK2            60      0       0      10        0.0%
BANK2               60      0       0      11        0.0%
DATA                 0      0      1A      12        0.0%


Microchip Technology PIC Macro Assembler V1.33 build 59893 
Symbol Table                                                                                   Mon Sep 21 10:29:52 2020

                      _a 0020                        _i 0072              __CFG_CP$OFF 0000  
                     l22 07E2                       u10 07D1                       u60 07ED  
                     u87 07DA                       fsr 0004                      l494 07CB  
                    l496 07D4             __CFG_CPD$OFF 0000                      _VAR 0070  
                    indf 0000             __CFG_FOSC$HS 0000             __CFG_LVP$OFF 0000  
           __CFG_WRT$OFF 0000                     _main 07C3                     btemp 007E  
                   ltemp 007E                     start 0000                     ttemp 007E  
                   wtemp 007E                    ?_main 0074            __CFG_WDTE$OFF 0000  
                  _PORTB 0006                    _TRISB 0086           __CFG_BOREN$OFF 0000  
                  ltemp0 007E                    ltemp1 0082                    ltemp2 0086  
                  ltemp3 0080                    ttemp0 007E                    ttemp1 0081  
                  ttemp2 0084                    ttemp3 0087                    ttemp4 007F  
                  status 0003                    wtemp0 007E                    wtemp1 0080  
                  wtemp2 0082                    wtemp3 0084                    wtemp4 0086  
                  wtemp5 0088                    wtemp6 007F          __initialization 07F1  
           __end_of_main 07F1                   ??_main 0074           __CFG_PWRTE$OFF 0000  
__end_of__initialization 07FC           __pcstackCOMMON 0074               __pbssBANK0 0020  
             __pmaintext 07C3                  clrloop0 07BC     end_of_initialization 07FC  
              _PORTBbits 0006      start_initialization 07F1              __pbssCOMMON 0070  
              ___latbits 0002                clear_ram0 07BB            __size_of_main 002E  
             _INTCONbits 000B  
